2021-11-10 15:41:16,077 - root - INFO - New connection from: 172.17.0.1
2021-11-10 15:41:16,088 - root - INFO - New connection from: 172.17.0.1
2021-11-10 15:41:16,131 - paramiko.transport - INFO - Connected (version 2.0, client OpenSSH_7.9p1)
2021-11-10 15:41:16,142 - paramiko.transport - INFO - Connected (version 2.0, client OpenSSH_7.9p1)
2021-11-10 15:41:16,518 - paramiko.transport - INFO - Auth rejected (none).
2021-11-10 15:41:16,518 - root - INFO - client called get_allowed_auths (172.17.0.1) with username pi
2021-11-10 15:41:16,545 - paramiko.transport - INFO - Auth rejected (none).
2021-11-10 15:41:16,546 - root - INFO - client called get_allowed_auths (172.17.0.1) with username pi
2021-11-10 15:41:16,571 - root - INFO - new client credentials (172.17.0.1): username: pi, password: raspberry
2021-11-10 15:41:16,571 - paramiko.transport - INFO - Auth granted (password).
2021-11-10 15:41:16,602 - root - INFO - new client credentials (172.17.0.1): username: pi, password: raspberryraspberry993311
2021-11-10 15:41:16,602 - paramiko.transport - INFO - Auth granted (password).
2021-11-10 15:41:16,624 - root - INFO - client called check_channel_request (172.17.0.1): session
2021-11-10 15:41:16,624 - root - INFO - Client mac (172.17.0.1): hmac-sha2-256-etm@openssh.com
2021-11-10 15:41:16,624 - root - INFO - Client compression (172.17.0.1): none
2021-11-10 15:41:16,624 - root - INFO - Client SSH version (172.17.0.1): SSH-2.0-OpenSSH_7.9p1 Raspbian-10+deb10u2+rpt1
2021-11-10 15:41:16,624 - root - INFO - Client SSH cipher (172.17.0.1): aes128-ctr
2021-11-10 15:41:16,654 - root - INFO - client called check_channel_request (172.17.0.1): session
2021-11-10 15:41:16,654 - root - INFO - Client mac (172.17.0.1): hmac-sha2-256-etm@openssh.com
2021-11-10 15:41:16,655 - root - INFO - Client compression (172.17.0.1): none
2021-11-10 15:41:16,655 - root - INFO - Client SSH version (172.17.0.1): SSH-2.0-OpenSSH_7.9p1 Raspbian-10+deb10u2+rpt1
2021-11-10 15:41:16,655 - root - INFO - Client SSH cipher (172.17.0.1): aes128-ctr
2021-11-10 15:41:16,678 - root - INFO - client sent command via check_channel_exec_request (172.17.0.1): b'scp -t /tmp/Bxr5eQTL'
2021-11-10 15:41:16,706 - root - INFO - client sent command via check_channel_exec_request (172.17.0.1): b'scp -t /tmp/Bxr5eQTL'
2021-11-10 15:41:26,625 - root - INFO - ** Client (172.17.0.1): never asked for a shell
2021-11-10 15:41:26,655 - root - INFO - ** Client (172.17.0.1): never asked for a shell
2021-11-10 19:16:53,285 - root - INFO - New connection from: 172.17.0.1
2021-11-10 19:16:53,287 - paramiko.transport - INFO - Connected (version 2.0, client OpenSSH_8.1)
2021-11-10 19:16:53,463 - paramiko.transport - INFO - Auth rejected (none).
2021-11-10 19:16:53,463 - root - INFO - client called get_allowed_auths (172.17.0.1) with username Admin
2021-11-10 19:16:58,177 - root - INFO - new client credentials (172.17.0.1): username: Admin, password: hello
2021-11-10 19:16:58,177 - paramiko.transport - INFO - Auth granted (password).
2021-11-10 19:16:58,212 - root - INFO - client called check_channel_request (172.17.0.1): session
2021-11-10 19:16:58,212 - root - INFO - Client mac (172.17.0.1): hmac-sha2-256-etm@openssh.com
2021-11-10 19:16:58,212 - root - INFO - Client compression (172.17.0.1): none
2021-11-10 19:16:58,212 - root - INFO - Client SSH version (172.17.0.1): SSH-2.0-OpenSSH_8.1
2021-11-10 19:16:58,212 - root - INFO - Client SSH cipher (172.17.0.1): aes128-ctr
2021-11-10 19:17:02,754 - root - INFO - Command received (172.17.0.1): uname
2021-11-10 19:17:06,292 - root - INFO - Command received (172.17.0.1): uname -a
2021-11-10 19:17:06,292 - root - INFO - Response from honeypot (172.17.0.1): 
2021-11-10 19:17:16,333 - paramiko.transport - INFO - Disconnect (code 11): disconnected by user
2021-11-10 19:46:56,939 - root - INFO - New connection from: 172.17.0.1
2021-11-10 19:46:58,002 - paramiko.transport - ERROR - Exception: Error reading SSH protocol banner
2021-11-10 19:46:58,006 - paramiko.transport - ERROR - Traceback (most recent call last):
2021-11-10 19:46:58,006 - paramiko.transport - ERROR -   File "/usr/local/lib/python3.10/site-packages/paramiko/transport.py", line 2211, in _check_banner
2021-11-10 19:46:58,006 - paramiko.transport - ERROR -     buf = self.packetizer.readline(timeout)
2021-11-10 19:46:58,006 - paramiko.transport - ERROR -   File "/usr/local/lib/python3.10/site-packages/paramiko/packet.py", line 380, in readline
2021-11-10 19:46:58,006 - paramiko.transport - ERROR -     buf += self._read_timeout(timeout)
2021-11-10 19:46:58,006 - paramiko.transport - ERROR -   File "/usr/local/lib/python3.10/site-packages/paramiko/packet.py", line 609, in _read_timeout
2021-11-10 19:46:58,006 - paramiko.transport - ERROR -     raise EOFError()
2021-11-10 19:46:58,006 - paramiko.transport - ERROR - EOFError
2021-11-10 19:46:58,006 - paramiko.transport - ERROR - 
2021-11-10 19:46:58,006 - paramiko.transport - ERROR - During handling of the above exception, another exception occurred:
2021-11-10 19:46:58,006 - paramiko.transport - ERROR - 
2021-11-10 19:46:58,007 - paramiko.transport - ERROR - Traceback (most recent call last):
2021-11-10 19:46:58,007 - paramiko.transport - ERROR -   File "/usr/local/lib/python3.10/site-packages/paramiko/transport.py", line 2039, in run
2021-11-10 19:46:58,007 - paramiko.transport - ERROR -     self._check_banner()
2021-11-10 19:46:58,007 - paramiko.transport - ERROR -   File "/usr/local/lib/python3.10/site-packages/paramiko/transport.py", line 2215, in _check_banner
2021-11-10 19:46:58,007 - paramiko.transport - ERROR -     raise SSHException(
2021-11-10 19:46:58,007 - paramiko.transport - ERROR - paramiko.ssh_exception.SSHException: Error reading SSH protocol banner
2021-11-10 19:46:58,007 - paramiko.transport - ERROR - 
2021-11-10 19:51:44,593 - root - INFO - New connection from: 172.17.0.1
2021-11-10 19:51:44,613 - paramiko.transport - ERROR - Exception: Error reading SSH protocol banner
2021-11-10 19:51:44,614 - paramiko.transport - ERROR - Traceback (most recent call last):
2021-11-10 19:51:44,614 - paramiko.transport - ERROR -   File "/usr/local/lib/python3.10/site-packages/paramiko/transport.py", line 2211, in _check_banner
2021-11-10 19:51:44,614 - paramiko.transport - ERROR -     buf = self.packetizer.readline(timeout)
2021-11-10 19:51:44,614 - paramiko.transport - ERROR -   File "/usr/local/lib/python3.10/site-packages/paramiko/packet.py", line 380, in readline
2021-11-10 19:51:44,614 - paramiko.transport - ERROR -     buf += self._read_timeout(timeout)
2021-11-10 19:51:44,614 - paramiko.transport - ERROR -   File "/usr/local/lib/python3.10/site-packages/paramiko/packet.py", line 609, in _read_timeout
2021-11-10 19:51:44,614 - paramiko.transport - ERROR -     raise EOFError()
2021-11-10 19:51:44,614 - paramiko.transport - ERROR - EOFError
2021-11-10 19:51:44,614 - paramiko.transport - ERROR - 
2021-11-10 19:51:44,614 - paramiko.transport - ERROR - During handling of the above exception, another exception occurred:
2021-11-10 19:51:44,614 - paramiko.transport - ERROR - 
2021-11-10 19:51:44,614 - paramiko.transport - ERROR - Traceback (most recent call last):
2021-11-10 19:51:44,614 - paramiko.transport - ERROR -   File "/usr/local/lib/python3.10/site-packages/paramiko/transport.py", line 2039, in run
2021-11-10 19:51:44,614 - paramiko.transport - ERROR -     self._check_banner()
2021-11-10 19:51:44,614 - paramiko.transport - ERROR -   File "/usr/local/lib/python3.10/site-packages/paramiko/transport.py", line 2215, in _check_banner
2021-11-10 19:51:44,614 - paramiko.transport - ERROR -     raise SSHException(
2021-11-10 19:51:44,614 - paramiko.transport - ERROR - paramiko.ssh_exception.SSHException: Error reading SSH protocol banner
2021-11-10 19:51:44,614 - paramiko.transport - ERROR - 
2021-11-10 19:58:44,099 - root - INFO - New connection from: 172.17.0.1
2021-11-10 19:58:44,176 - paramiko.transport - INFO - Connected (version 2.0, client libssh2_1.4.3)
2021-11-10 19:58:44,287 - root - INFO - new client credentials (172.17.0.1): username: user, password: 1
2021-11-10 19:58:44,287 - paramiko.transport - INFO - Auth granted (password).
2021-11-10 19:58:44,305 - root - INFO - client called check_channel_request (172.17.0.1): session
2021-11-10 19:58:44,305 - root - INFO - Client mac (172.17.0.1): hmac-sha1
2021-11-10 19:58:44,305 - root - INFO - Client compression (172.17.0.1): none
2021-11-10 19:58:44,305 - root - INFO - Client SSH version (172.17.0.1): SSH-2.0-libssh2_1.4.3
2021-11-10 19:58:44,305 - root - INFO - Client SSH cipher (172.17.0.1): aes128-ctr
2021-11-10 19:58:44,323 - root - INFO - client sent command via check_channel_exec_request (172.17.0.1): b'nproc;uname -a'
2021-11-10 19:58:54,305 - root - INFO - ** Client (172.17.0.1): never asked for a shell
2021-11-10 19:59:46,073 - root - INFO - New connection from: 172.17.0.1
2021-11-10 19:59:46,074 - paramiko.transport - INFO - Connected (version 2.0, client libssh2_1.4.3)
2021-11-10 19:59:46,199 - root - INFO - new client credentials (172.17.0.1): username: user, password: 111111
2021-11-10 19:59:46,200 - paramiko.transport - INFO - Auth granted (password).
2021-11-10 19:59:46,218 - root - INFO - client called check_channel_request (172.17.0.1): session
2021-11-10 19:59:46,218 - root - INFO - Client mac (172.17.0.1): hmac-sha1
2021-11-10 19:59:46,219 - root - INFO - Client compression (172.17.0.1): none
2021-11-10 19:59:46,219 - root - INFO - Client SSH version (172.17.0.1): SSH-2.0-libssh2_1.4.3
2021-11-10 19:59:46,219 - root - INFO - Client SSH cipher (172.17.0.1): aes128-ctr
2021-11-10 19:59:46,236 - root - INFO - client sent command via check_channel_exec_request (172.17.0.1): b'nproc;uname -a'
2021-11-10 19:59:48,438 - root - INFO - New connection from: 172.17.0.1
2021-11-10 19:59:48,444 - paramiko.transport - INFO - Connected (version 2.0, client Go)
2021-11-10 19:59:56,219 - root - INFO - ** Client (172.17.0.1): never asked for a shell
2021-11-10 20:00:48,636 - root - INFO - New connection from: 172.17.0.1
2021-11-10 20:00:48,637 - paramiko.transport - INFO - Connected (version 2.0, client libssh2_1.4.3)
2021-11-10 20:00:48,822 - root - INFO - new client credentials (172.17.0.1): username: user, password: 000000
2021-11-10 20:00:48,822 - paramiko.transport - INFO - Auth granted (password).
2021-11-10 20:00:48,841 - root - INFO - client called check_channel_request (172.17.0.1): session
2021-11-10 20:00:48,842 - root - INFO - Client mac (172.17.0.1): hmac-sha1
2021-11-10 20:00:48,842 - root - INFO - Client compression (172.17.0.1): none
2021-11-10 20:00:48,842 - root - INFO - Client SSH version (172.17.0.1): SSH-2.0-libssh2_1.4.3
2021-11-10 20:00:48,842 - root - INFO - Client SSH cipher (172.17.0.1): aes128-ctr
2021-11-10 20:00:48,861 - root - INFO - client sent command via check_channel_exec_request (172.17.0.1): b'nproc;uname -a'
2021-11-10 20:00:58,842 - root - INFO - ** Client (172.17.0.1): never asked for a shell
2021-11-10 20:01:51,010 - root - INFO - New connection from: 172.17.0.1
2021-11-10 20:01:51,011 - paramiko.transport - INFO - Connected (version 2.0, client libssh2_1.4.3)
2021-11-10 20:01:51,287 - root - INFO - new client credentials (172.17.0.1): username: user, password: 0
2021-11-10 20:01:51,287 - paramiko.transport - INFO - Auth granted (password).
2021-11-10 20:01:51,306 - root - INFO - client called check_channel_request (172.17.0.1): session
2021-11-10 20:01:51,306 - root - INFO - Client mac (172.17.0.1): hmac-sha1
2021-11-10 20:01:51,306 - root - INFO - Client compression (172.17.0.1): none
2021-11-10 20:01:51,306 - root - INFO - Client SSH version (172.17.0.1): SSH-2.0-libssh2_1.4.3
2021-11-10 20:01:51,306 - root - INFO - Client SSH cipher (172.17.0.1): aes128-ctr
2021-11-10 20:01:51,325 - root - INFO - client sent command via check_channel_exec_request (172.17.0.1): b'nproc;uname -a'
2021-11-10 20:02:01,306 - root - INFO - ** Client (172.17.0.1): never asked for a shell
2021-11-10 20:02:53,086 - root - INFO - New connection from: 172.17.0.1
2021-11-10 20:02:53,089 - paramiko.transport - INFO - Connected (version 2.0, client libssh2_1.4.3)
2021-11-10 20:02:53,220 - root - INFO - new client credentials (172.17.0.1): username: user, password: 1234
2021-11-10 20:02:53,220 - paramiko.transport - INFO - Auth granted (password).
2021-11-10 20:02:53,238 - root - INFO - client called check_channel_request (172.17.0.1): session
2021-11-10 20:02:53,238 - root - INFO - Client mac (172.17.0.1): hmac-sha1
2021-11-10 20:02:53,238 - root - INFO - Client compression (172.17.0.1): none
2021-11-10 20:02:53,238 - root - INFO - Client SSH version (172.17.0.1): SSH-2.0-libssh2_1.4.3
2021-11-10 20:02:53,238 - root - INFO - Client SSH cipher (172.17.0.1): aes128-ctr
2021-11-10 20:02:53,257 - root - INFO - client sent command via check_channel_exec_request (172.17.0.1): b'nproc;uname -a'
2021-11-10 20:03:03,238 - root - INFO - ** Client (172.17.0.1): never asked for a shell
2021-11-10 20:03:54,536 - root - INFO - New connection from: 172.17.0.1
2021-11-10 20:03:54,537 - paramiko.transport - INFO - Connected (version 2.0, client libssh2_1.4.3)
2021-11-10 20:03:54,705 - root - INFO - new client credentials (172.17.0.1): username: user, password: 123
2021-11-10 20:03:54,705 - paramiko.transport - INFO - Auth granted (password).
2021-11-10 20:03:54,730 - root - INFO - client called check_channel_request (172.17.0.1): session
2021-11-10 20:03:54,730 - root - INFO - Client mac (172.17.0.1): hmac-sha1
2021-11-10 20:03:54,730 - root - INFO - Client compression (172.17.0.1): none
2021-11-10 20:03:54,730 - root - INFO - Client SSH version (172.17.0.1): SSH-2.0-libssh2_1.4.3
2021-11-10 20:03:54,730 - root - INFO - Client SSH cipher (172.17.0.1): aes128-ctr
2021-11-10 20:03:54,750 - root - INFO - client sent command via check_channel_exec_request (172.17.0.1): b'nproc;uname -a'
2021-11-10 20:04:04,730 - root - INFO - ** Client (172.17.0.1): never asked for a shell
2021-11-10 20:04:55,656 - root - INFO - New connection from: 172.17.0.1
2021-11-10 20:04:55,668 - paramiko.transport - INFO - Connected (version 2.0, client libssh2_1.4.3)
2021-11-10 20:04:55,775 - root - INFO - new client credentials (172.17.0.1): username: user, password: 12
2021-11-10 20:04:55,775 - paramiko.transport - INFO - Auth granted (password).
2021-11-10 20:04:55,793 - root - INFO - client called check_channel_request (172.17.0.1): session
2021-11-10 20:04:55,794 - root - INFO - Client mac (172.17.0.1): hmac-sha1
2021-11-10 20:04:55,794 - root - INFO - Client compression (172.17.0.1): none
2021-11-10 20:04:55,794 - root - INFO - Client SSH version (172.17.0.1): SSH-2.0-libssh2_1.4.3
2021-11-10 20:04:55,794 - root - INFO - Client SSH cipher (172.17.0.1): aes128-ctr
2021-11-10 20:04:55,813 - root - INFO - client sent command via check_channel_exec_request (172.17.0.1): b'nproc;uname -a'
2021-11-10 20:05:05,794 - root - INFO - ** Client (172.17.0.1): never asked for a shell
2021-11-10 20:05:56,568 - root - INFO - New connection from: 172.17.0.1
2021-11-10 20:05:56,601 - paramiko.transport - INFO - Connected (version 2.0, client libssh2_1.4.3)
2021-11-10 20:05:56,702 - root - INFO - new client credentials (172.17.0.1): username: user, password: 12345
2021-11-10 20:05:56,702 - paramiko.transport - INFO - Auth granted (password).
2021-11-10 20:05:56,718 - root - INFO - client called check_channel_request (172.17.0.1): session
2021-11-10 20:05:56,719 - root - INFO - Client mac (172.17.0.1): hmac-sha1
2021-11-10 20:05:56,719 - root - INFO - Client compression (172.17.0.1): none
2021-11-10 20:05:56,719 - root - INFO - Client SSH version (172.17.0.1): SSH-2.0-libssh2_1.4.3
2021-11-10 20:05:56,719 - root - INFO - Client SSH cipher (172.17.0.1): aes128-ctr
2021-11-10 20:05:56,736 - root - INFO - client sent command via check_channel_exec_request (172.17.0.1): b'nproc;uname -a'
2021-11-10 20:06:06,719 - root - INFO - ** Client (172.17.0.1): never asked for a shell
2021-11-10 20:06:57,700 - root - INFO - New connection from: 172.17.0.1
2021-11-10 20:06:57,701 - paramiko.transport - INFO - Connected (version 2.0, client libssh2_1.4.3)
2021-11-10 20:06:57,876 - root - INFO - new client credentials (172.17.0.1): username: user, password: 123456
2021-11-10 20:06:57,877 - paramiko.transport - INFO - Auth granted (password).
2021-11-10 20:06:57,893 - root - INFO - client called check_channel_request (172.17.0.1): session
2021-11-10 20:06:57,893 - root - INFO - Client mac (172.17.0.1): hmac-sha1
2021-11-10 20:06:57,894 - root - INFO - Client compression (172.17.0.1): none
2021-11-10 20:06:57,894 - root - INFO - Client SSH version (172.17.0.1): SSH-2.0-libssh2_1.4.3
2021-11-10 20:06:57,894 - root - INFO - Client SSH cipher (172.17.0.1): aes128-ctr
2021-11-10 20:06:57,910 - root - INFO - client sent command via check_channel_exec_request (172.17.0.1): b'nproc;uname -a'
2021-11-10 20:07:07,894 - root - INFO - ** Client (172.17.0.1): never asked for a shell
